05/09/2020 01:43:28 PM: INFO: ************** Test_001_Login ************ 
05/09/2020 01:43:28 PM: INFO: ************** Started home page title test ************ 
05/09/2020 01:43:31 PM: INFO: ************** Home PageTitle test is passed ************ 
05/09/2020 01:43:34 PM: INFO: ************** Login Test is started ************ 
05/09/2020 01:43:41 PM: INFO: ************** Login test test is passed ************ 
05/09/2020 02:24:29 PM: INFO: ************** Test_001_Login ************ 
05/09/2020 02:24:29 PM: INFO: ************** Started home page title test ************ 
05/09/2020 02:24:31 PM: INFO: ************** Home PageTitle test is passed ************ 
05/09/2020 02:24:35 PM: INFO: ************** Login Test is started ************ 
05/09/2020 02:24:41 PM: INFO: ************** Login test test is passed ************ 
05/09/2020 02:33:15 PM: INFO: ************** Test_001_Login ************ 
05/09/2020 02:33:15 PM: INFO: ************** Started home page title test ************ 
05/09/2020 02:33:18 PM: INFO: ************** Home PageTitle test is passed ************ 
05/09/2020 02:33:22 PM: INFO: ************** Login Test is started ************ 
05/09/2020 02:33:27 PM: INFO: ************** Login test test is passed ************ 
05/09/2020 02:36:31 PM: INFO: ************** Test_001_Login ************ 
05/09/2020 02:36:31 PM: INFO: ************** Started home page title test ************ 
05/09/2020 02:36:41 PM: INFO: ************** Login Test is started ************ 
05/09/2020 02:45:20 PM: INFO: ************** Login Test is started ************ 
05/09/2020 02:45:20 PM: INFO: ************** Test_001_Login ************ 
05/09/2020 02:45:20 PM: INFO: ************** Started home page title test ************ 
05/09/2020 02:45:22 PM: INFO: ************** Home PageTitle test is passed ************ 
05/09/2020 02:45:26 PM: INFO: ************** Login test test is passed ************ 
05/09/2020 04:09:35 PM: INFO: ******* Starting Test_002_DDT_Login Test **********
05/09/2020 04:09:35 PM: INFO: ******* Starting Login DDT Test **********
05/09/2020 04:09:48 PM: INFO: **** passed ****
05/09/2020 04:09:55 PM: INFO: **** passed ****
05/09/2020 04:10:01 PM: INFO: **** passed ****
05/09/2020 04:10:07 PM: INFO: **** passed ****
05/09/2020 04:10:07 PM: INFO: ******* DDT Login test passed **********
05/09/2020 04:10:07 PM: INFO: ******* End of Login DDT Test **********
05/09/2020 04:10:07 PM: INFO: **************** Completed  TC_LoginDDT_002 ************* 
05/10/2020 01:20:57 PM: INFO: ************** Test_001_Login ************ 
05/10/2020 01:20:57 PM: INFO: ************** Started home page title test ************ 
05/10/2020 01:20:57 PM: INFO: ************** Login Test is started ************ 
05/10/2020 01:50:23 PM: INFO: ************** Test_001_Login ************ 
05/10/2020 01:50:23 PM: INFO: ************** Started home page title test ************ 
05/10/2020 01:50:23 PM: INFO: ************** Login Test is started ************ 
05/10/2020 01:53:43 PM: INFO: ************** Test_001_Login ************ 
05/10/2020 01:53:43 PM: INFO: ************** Started home page title test ************ 
05/10/2020 01:53:43 PM: INFO: ************** Login Test is started ************ 
05/10/2020 01:58:16 PM: INFO: ************** Test_001_Login ************ 
05/10/2020 01:58:16 PM: INFO: ************** Started home page title test ************ 
05/10/2020 01:58:16 PM: INFO: ************** Login Test is started ************ 
05/10/2020 02:03:34 PM: INFO: ************** Test_001_Login ************ 
05/10/2020 02:03:34 PM: INFO: ************** Started home page title test ************ 
05/10/2020 02:03:35 PM: INFO: ************** Login Test is started ************ 
05/10/2020 02:16:02 PM: INFO: ************** Test_001_Login ************ 
05/10/2020 02:16:02 PM: INFO: ************** Started home page title test ************ 
05/10/2020 02:16:05 PM: INFO: ************** Home PageTitle test is passed ************ 
05/10/2020 02:16:08 PM: INFO: ************** Login Test is started ************ 
05/10/2020 02:16:13 PM: INFO: ************** Login test test is passed ************ 
05/10/2020 02:20:31 PM: INFO: ************** Test_001_Login ************ 
05/10/2020 02:20:31 PM: INFO: ************** Started home page title test ************ 
05/10/2020 02:20:33 PM: INFO: ************** Home PageTitle test is passed ************ 
05/10/2020 02:20:37 PM: INFO: ************** Login Test is started ************ 
05/10/2020 02:20:42 PM: INFO: ************** Login test test is passed ************ 
05/10/2020 02:25:53 PM: INFO: ************** Test_001_Login ************ 
05/10/2020 02:25:53 PM: INFO: ************** Started home page title test ************ 
05/10/2020 02:25:56 PM: INFO: ************** Home PageTitle test is passed ************ 
05/10/2020 02:26:00 PM: INFO: ************** Login Test is started ************ 
05/10/2020 02:26:06 PM: INFO: ************** Login test test is passed ************ 
05/10/2020 02:29:33 PM: INFO: ******* Starting Test_002_DDT_Login Test **********
05/10/2020 02:29:33 PM: INFO: ******* Starting Login DDT Test **********
05/10/2020 02:29:47 PM: INFO: **** passed ****
05/10/2020 02:29:53 PM: INFO: **** passed ****
05/10/2020 02:29:59 PM: INFO: **** passed ****
05/10/2020 02:30:04 PM: INFO: **** passed ****
05/10/2020 02:30:04 PM: INFO: ******* DDT Login test passed **********
05/10/2020 02:30:04 PM: INFO: ******* End of Login DDT Test **********
05/10/2020 02:30:04 PM: INFO: **************** Completed  TC_LoginDDT_002 ************* 
05/10/2020 02:30:37 PM: INFO: ************* SearchCustomerByEmail_004 **********
05/10/2020 02:31:41 PM: INFO: ************* SearchCustomerByEmail_004 **********
05/10/2020 02:31:49 PM: INFO: ************* Login succesful **********
05/10/2020 02:31:49 PM: INFO: ******* Starting Search Customer By Email **********
05/10/2020 02:33:00 PM: INFO: ************* SearchCustomerByEmail_004 **********
05/10/2020 02:33:39 PM: INFO: ************* SearchCustomerByEmail_004 **********
05/10/2020 02:41:18 PM: INFO: ************* Test_003_AddCustomer **********
05/10/2020 02:41:26 PM: INFO: ************* Login succesful **********
05/10/2020 02:41:26 PM: INFO: ******* Starting Add Customer Test **********
05/10/2020 02:41:29 PM: INFO: ************* Providing customer info **********
05/10/2020 02:41:40 PM: INFO: ************* Saving customer info **********
05/10/2020 02:41:40 PM: INFO: ********* Add customer validation started *****************
05/10/2020 02:41:41 PM: INFO: ********* Add customer Test Passed *********
05/10/2020 02:41:41 PM: INFO: ******* Ending Home Page Title Test **********
05/10/2020 03:03:18 PM: INFO: ************* SearchCustomerByEmail_004 **********
05/10/2020 03:04:09 PM: INFO: ************* SearchCustomerByEmail_004 **********
05/10/2020 03:05:18 PM: INFO: ************* SearchCustomerByEmail_004 **********
05/10/2020 03:07:10 PM: INFO: ************* SearchCustomerByEmail_004 **********
05/10/2020 03:07:17 PM: INFO: ************* Login succesful **********
05/10/2020 03:07:17 PM: INFO: ******* Starting Search Customer By Email **********
05/10/2020 03:07:19 PM: INFO: ************* searching customer by emailID **********
05/10/2020 03:07:25 PM: INFO: ***************  TC_SearchCustomerByEmail_004 Finished  *********** 
05/10/2020 03:07:50 PM: INFO: ************* SearchCustomerByName_005 **********
05/10/2020 03:07:59 PM: INFO: ************* Login succesful **********
05/10/2020 03:07:59 PM: INFO: ******* Starting Search Customer By Name **********
05/10/2020 03:08:02 PM: INFO: ************* searching customer by Name **********
05/10/2020 03:08:08 PM: INFO: ***************  TC_SearchCustomerByName_005 Finished  *********** 
05/10/2020 04:49:57 PM: INFO: ************* Test_003_AddCustomer **********
05/10/2020 04:50:05 PM: INFO: ************* Login succesful **********
05/10/2020 04:50:05 PM: INFO: ******* Starting Add Customer Test **********
05/10/2020 04:50:07 PM: INFO: ************* Providing customer info **********
05/10/2020 04:50:19 PM: INFO: ************* Saving customer info **********
05/10/2020 04:50:19 PM: INFO: ********* Add customer validation started *****************
05/10/2020 04:50:19 PM: INFO: ********* Add customer Test Passed *********
05/10/2020 04:50:19 PM: INFO: ******* Ending Home Page Title Test **********
05/10/2020 04:50:23 PM: INFO: ************** Login Test is started ************ 
05/10/2020 04:50:29 PM: INFO: ************** Login test test is passed ************ 
